app/build/intermediates/manifest_merge_blame_file/debug/manifest-merger-blame-debug-report.txt
1<?xml version="1.0" encoding="utf-8"?>
2<manifest xmlns:android="http://schemas.android.com/apk/res/android"
3    package="com.example.foodplanner_app"
4    android:versionCode="1"
5    android:versionName="1.0" >
6
7    <uses-sdk
8        android:minSdkVersion="24"
8-->src\main\AndroidManifest.xml
9        android:targetSdkVersion="33" />
9-->src\main\AndroidManifest.xml
10
11    <uses-permission android:name="android.permission.INTERNET" />
11-->src\main\AndroidManifest.xml:4:5-66
11-->src\main\AndroidManifest.xml:4:22-64
12
13    <queries>
13-->src\main\AndroidManifest.xml:6:5-10:15
14        <intent>
14-->src\main\AndroidManifest.xml:7:9-9:18
15            <action android:name="com.google.android.youtube.api.service.START" />
15-->src\main\AndroidManifest.xml:8:13-82
15-->src\main\AndroidManifest.xml:8:21-80
16        </intent>
17    </queries>
18
19    <uses-permission android:name="android.permission.INTERNET" />
19-->src\main\AndroidManifest.xml:4:5-66
19-->src\main\AndroidManifest.xml:4:22-64
20    <uses-permission android:name="android.permission.ACCESS_NETWORK_STATE" />
20-->[com.pierfrancescosoffritti.androidyoutubeplayer:core:11.1.0] AndroidManifest.xml:10:5-79
20-->[com.pierfrancescosoffritti.androidyoutubeplayer:core:11.1.0] AndroidManifest.xml:10:22-76
21    <uses-permission android:name="android.permission.WAKE_LOCK" />
21-->[com.google.android.gms:play-services-measurement-api:21.2.0] AndroidManifest.xml:24:5-68
21-->[com.google.android.gms:play-services-measurement-api:21.2.0] AndroidManifest.xml:24:22-65
22    <uses-permission android:name="com.google.android.gms.permission.AD_ID" />
22-->[com.google.android.gms:play-services-measurement-api:21.2.0] AndroidManifest.xml:25:5-79
22-->[com.google.android.gms:play-services-measurement-api:21.2.0] AndroidManifest.xml:25:22-76
23    <uses-permission android:name="com.google.android.finsky.permission.BIND_GET_INSTALL_REFERRER_SERVICE" />
23-->[com.google.android.gms:play-services-measurement:21.2.0] AndroidManifest.xml:26:5-110
23-->[com.google.android.gms:play-services-measurement:21.2.0] AndroidManifest.xml:26:22-107
24
25    <permission
25-->[androidx.core:core:1.9.0] AndroidManifest.xml:22:5-24:47
26        android:name="com.example.foodplanner_app.DYNAMIC_RECEIVER_NOT_EXPORTED_PERMISSION"
26-->[androidx.core:core:1.9.0] AndroidManifest.xml:23:9-81
27        android:protectionLevel="signature" />
27-->[androidx.core:core:1.9.0] AndroidManifest.xml:24:9-44
28
29    <uses-permission android:name="com.example.foodplanner_app.DYNAMIC_RECEIVER_NOT_EXPORTED_PERMISSION" />
29-->[androidx.core:core:1.9.0] AndroidManifest.xml:26:5-97
29-->[androidx.core:core:1.9.0] AndroidManifest.xml:26:22-94
30
31    <application
31-->src\main\AndroidManifest.xml:13:5-46:19
32        android:allowBackup="true"
32-->src\main\AndroidManifest.xml:14:9-35
33        android:appComponentFactory="androidx.core.app.CoreComponentFactory"
33-->[androidx.core:core:1.9.0] AndroidManifest.xml:28:18-86
34        android:dataExtractionRules="@xml/data_extraction_rules"
34-->src\main\AndroidManifest.xml:15:9-65
35        android:debuggable="true"
36        android:extractNativeLibs="false"
37        android:fullBackupContent="@xml/backup_rules"
37-->src\main\AndroidManifest.xml:16:9-54
38        android:icon="@mipmap/hat_logo_ic_launcher"
38-->src\main\AndroidManifest.xml:17:9-52
39        android:label="@string/app_name"
39-->src\main\AndroidManifest.xml:18:9-41
40        android:supportsRtl="true"
40-->src\main\AndroidManifest.xml:19:9-35
41        android:testOnly="true"
42        android:theme="@style/HomeTheme" >
42-->src\main\AndroidManifest.xml:20:9-41
43        <activity
43-->src\main\AndroidManifest.xml:22:9-24:40
44            android:name="com.example.foodplanner_app.authantication.SignUp_Activity"
44-->src\main\AndroidManifest.xml:23:13-59
45            android:exported="false" />
45-->src\main\AndroidManifest.xml:24:13-37
46        <activity
46-->src\main\AndroidManifest.xml:25:9-27:40
47            android:name="com.example.foodplanner_app.authantication.LoginActivity"
47-->src\main\AndroidManifest.xml:26:13-57
48            android:exported="false" />
48-->src\main\AndroidManifest.xml:27:13-37
49        <activity
49-->src\main\AndroidManifest.xml:28:9-31:48
50            android:name="com.example.foodplanner_app.app_activities.HomeActivity"
50-->src\main\AndroidManifest.xml:29:13-56
51            android:exported="true"
51-->src\main\AndroidManifest.xml:30:13-36
52            android:theme="@style/HomeTheme" />
52-->src\main\AndroidManifest.xml:31:13-45
53        <activity
53-->src\main\AndroidManifest.xml:32:9-35:48
54            android:name="com.example.foodplanner_app.app_activities.OnboardingActivity"
54-->src\main\AndroidManifest.xml:33:13-62
55            android:exported="true"
55-->src\main\AndroidManifest.xml:34:13-36
56            android:theme="@style/HomeTheme" />
56-->src\main\AndroidManifest.xml:35:13-45
57        <activity
57-->src\main\AndroidManifest.xml:36:9-45:20
58            android:name="com.example.foodplanner_app.app_activities.SplashActivity"
58-->src\main\AndroidManifest.xml:37:13-58
59            android:exported="true"
59-->src\main\AndroidManifest.xml:38:13-36
60            android:theme="@style/HomeTheme" >
60-->src\main\AndroidManifest.xml:39:13-45
61            <intent-filter>
61-->src\main\AndroidManifest.xml:40:13-44:29
62                <action android:name="android.intent.action.MAIN" />
62-->src\main\AndroidManifest.xml:41:17-69
62-->src\main\AndroidManifest.xml:41:25-66
63
64                <category android:name="android.intent.category.LAUNCHER" />
64-->src\main\AndroidManifest.xml:43:17-77
64-->src\main\AndroidManifest.xml:43:27-74
65            </intent-filter>
66        </activity>
67        <activity
67-->[com.google.firebase:firebase-auth:21.1.0] AndroidManifest.xml:27:9-44:20
68            android:name="com.google.firebase.auth.internal.GenericIdpActivity"
68-->[com.google.firebase:firebase-auth:21.1.0] AndroidManifest.xml:28:13-80
69            android:excludeFromRecents="true"
69-->[com.google.firebase:firebase-auth:21.1.0] AndroidManifest.xml:29:13-46
70            android:exported="true"
70-->[com.google.firebase:firebase-auth:21.1.0] AndroidManifest.xml:30:13-36
71            android:launchMode="singleTask"
71-->[com.google.firebase:firebase-auth:21.1.0] AndroidManifest.xml:31:13-44
72            android:theme="@android:style/Theme.Translucent.NoTitleBar" >
72-->[com.google.firebase:firebase-auth:21.1.0] AndroidManifest.xml:32:13-72
73            <intent-filter>
73-->[com.google.firebase:firebase-auth:21.1.0] AndroidManifest.xml:33:13-43:29
74                <action android:name="android.intent.action.VIEW" />
74-->[com.google.firebase:firebase-auth:21.1.0] AndroidManifest.xml:34:17-69
74-->[com.google.firebase:firebase-auth:21.1.0] AndroidManifest.xml:34:25-66
75
76                <category android:name="android.intent.category.DEFAULT" />
76-->[com.google.firebase:firebase-auth:21.1.0] AndroidManifest.xml:36:17-76
76-->[com.google.firebase:firebase-auth:21.1.0] AndroidManifest.xml:36:27-73
77                <category android:name="android.intent.category.BROWSABLE" />
77-->[com.google.firebase:firebase-auth:21.1.0] AndroidManifest.xml:37:17-78
77-->[com.google.firebase:firebase-auth:21.1.0] AndroidManifest.xml:37:27-75
78
79                <data
79-->[com.google.firebase:firebase-auth:21.1.0] AndroidManifest.xml:39:17-42:51
80                    android:host="firebase.auth"
80-->[com.google.firebase:firebase-auth:21.1.0] AndroidManifest.xml:40:21-49
81                    android:path="/"
81-->[com.google.firebase:firebase-auth:21.1.0] AndroidManifest.xml:41:21-37
82                    android:scheme="genericidp" />
82-->[com.google.firebase:firebase-auth:21.1.0] AndroidManifest.xml:42:21-48
83            </intent-filter>
84        </activity>
85        <activity
85-->[com.google.firebase:firebase-auth:21.1.0] AndroidManifest.xml:45:9-62:20
86            android:name="com.google.firebase.auth.internal.RecaptchaActivity"
86-->[com.google.firebase:firebase-auth:21.1.0] AndroidManifest.xml:46:13-79
87            android:excludeFromRecents="true"
87-->[com.google.firebase:firebase-auth:21.1.0] AndroidManifest.xml:47:13-46
88            android:exported="true"
88-->[com.google.firebase:firebase-auth:21.1.0] AndroidManifest.xml:48:13-36
89            android:launchMode="singleTask"
89-->[com.google.firebase:firebase-auth:21.1.0] AndroidManifest.xml:49:13-44
90            android:theme="@android:style/Theme.Translucent.NoTitleBar" >
90-->[com.google.firebase:firebase-auth:21.1.0] AndroidManifest.xml:50:13-72
91            <intent-filter>
91-->[com.google.firebase:firebase-auth:21.1.0] AndroidManifest.xml:51:13-61:29
92                <action android:name="android.intent.action.VIEW" />
92-->[com.google.firebase:firebase-auth:21.1.0] AndroidManifest.xml:34:17-69
92-->[com.google.firebase:firebase-auth:21.1.0] AndroidManifest.xml:34:25-66
93
94                <category android:name="android.intent.category.DEFAULT" />
94-->[com.google.firebase:firebase-auth:21.1.0] AndroidManifest.xml:36:17-76
94-->[com.google.firebase:firebase-auth:21.1.0] AndroidManifest.xml:36:27-73
95                <category android:name="android.intent.category.BROWSABLE" />
95-->[com.google.firebase:firebase-auth:21.1.0] AndroidManifest.xml:37:17-78
95-->[com.google.firebase:firebase-auth:21.1.0] AndroidManifest.xml:37:27-75
96
97                <data
97-->[com.google.firebase:firebase-auth:21.1.0] AndroidManifest.xml:39:17-42:51
98                    android:host="firebase.auth"
98-->[com.google.firebase:firebase-auth:21.1.0] AndroidManifest.xml:40:21-49
99                    android:path="/"
99-->[com.google.firebase:firebase-auth:21.1.0] AndroidManifest.xml:41:21-37
100                    android:scheme="recaptcha" />
100-->[com.google.firebase:firebase-auth:21.1.0] AndroidManifest.xml:42:21-48
101            </intent-filter>
102        </activity>
103
104        <service
104-->[com.google.firebase:firebase-auth:21.1.0] AndroidManifest.xml:64:9-70:19
105            android:name="com.google.firebase.components.ComponentDiscoveryService"
105-->[com.google.firebase:firebase-auth:21.1.0] AndroidManifest.xml:65:13-84
106            android:directBootAware="true"
106-->[com.google.firebase:firebase-common:20.3.0] AndroidManifest.xml:34:13-43
107            android:exported="false" >
107-->[com.google.firebase:firebase-auth:21.1.0] AndroidManifest.xml:66:13-37
108            <meta-data
108-->[com.google.firebase:firebase-auth:21.1.0] AndroidManifest.xml:67:13-69:85
109                android:name="com.google.firebase.components:com.google.firebase.auth.FirebaseAuthRegistrar"
109-->[com.google.firebase:firebase-auth:21.1.0] AndroidManifest.xml:68:17-109
110                android:value="com.google.firebase.components.ComponentRegistrar" />
110-->[com.google.firebase:firebase-auth:21.1.0] AndroidManifest.xml:69:17-82
111            <meta-data
111-->[com.google.firebase:firebase-firestore:24.4.2] AndroidManifest.xml:19:13-21:85
112                android:name="com.google.firebase.components:com.google.firebase.firestore.FirestoreRegistrar"
112-->[com.google.firebase:firebase-firestore:24.4.2] AndroidManifest.xml:20:17-111
113                android:value="com.google.firebase.components.ComponentRegistrar" />
113-->[com.google.firebase:firebase-firestore:24.4.2] AndroidManifest.xml:21:17-82
114            <meta-data
114-->[com.google.firebase:firebase-database:20.1.0] AndroidManifest.xml:31:13-33:85
115                android:name="com.google.firebase.components:com.google.firebase.database.DatabaseRegistrar"
115-->[com.google.firebase:firebase-database:20.1.0] AndroidManifest.xml:32:17-109
116                android:value="com.google.firebase.components.ComponentRegistrar" />
116-->[com.google.firebase:firebase-database:20.1.0] AndroidManifest.xml:33:17-82
117            <meta-data
117-->[com.google.android.gms:play-services-measurement-api:21.2.0] AndroidManifest.xml:31:13-33:85
118                android:name="com.google.firebase.components:com.google.firebase.analytics.connector.internal.AnalyticsConnectorRegistrar"
118-->[com.google.android.gms:play-services-measurement-api:21.2.0] AndroidManifest.xml:32:17-139
119                android:value="com.google.firebase.components.ComponentRegistrar" />
119-->[com.google.android.gms:play-services-measurement-api:21.2.0] AndroidManifest.xml:33:17-82
120            <meta-data
120-->[com.google.firebase:firebase-installations:17.1.0] AndroidManifest.xml:17:13-19:85
121                android:name="com.google.firebase.components:com.google.firebase.installations.FirebaseInstallationsRegistrar"
121-->[com.google.firebase:firebase-installations:17.1.0] AndroidManifest.xml:18:17-127
122                android:value="com.google.firebase.components.ComponentRegistrar" />
122-->[com.google.firebase:firebase-installations:17.1.0] AndroidManifest.xml:19:17-82
123        </service>
124        <service
124-->[androidx.room:room-runtime:2.5.0] AndroidManifest.xml:24:9-28:63
125            android:name="androidx.room.MultiInstanceInvalidationService"
125-->[androidx.room:room-runtime:2.5.0] AndroidManifest.xml:25:13-74
126            android:directBootAware="true"
126-->[androidx.room:room-runtime:2.5.0] AndroidManifest.xml:26:13-43
127            android:exported="false" />
127-->[androidx.room:room-runtime:2.5.0] AndroidManifest.xml:27:13-37
128
129        <activity
129-->[com.google.android.gms:play-services-auth:20.4.1] AndroidManifest.xml:23:9-27:75
130            android:name="com.google.android.gms.auth.api.signin.internal.SignInHubActivity"
130-->[com.google.android.gms:play-services-auth:20.4.1] AndroidManifest.xml:24:13-93
131            android:excludeFromRecents="true"
131-->[com.google.android.gms:play-services-auth:20.4.1] AndroidManifest.xml:25:13-46
132            android:exported="false"
132-->[com.google.android.gms:play-services-auth:20.4.1] AndroidManifest.xml:26:13-37
133            android:theme="@android:style/Theme.Translucent.NoTitleBar" />
133-->[com.google.android.gms:play-services-auth:20.4.1] AndroidManifest.xml:27:13-72
134        <!--
135            Service handling Google Sign-In user revocation. For apps that do not integrate with
136            Google Sign-In, this service will never be started.
137        -->
138        <service
138-->[com.google.android.gms:play-services-auth:20.4.1] AndroidManifest.xml:33:9-37:51
139            android:name="com.google.android.gms.auth.api.signin.RevocationBoundService"
139-->[com.google.android.gms:play-services-auth:20.4.1] AndroidManifest.xml:34:13-89
140            android:exported="true"
140-->[com.google.android.gms:play-services-auth:20.4.1] AndroidManifest.xml:35:13-36
141            android:permission="com.google.android.gms.auth.api.signin.permission.REVOCATION_NOTIFICATION"
141-->[com.google.android.gms:play-services-auth:20.4.1] AndroidManifest.xml:36:13-107
142            android:visibleToInstantApps="true" />
142-->[com.google.android.gms:play-services-auth:20.4.1] AndroidManifest.xml:37:13-48
143
144        <provider
144-->[com.google.firebase:firebase-common:20.3.0] AndroidManifest.xml:25:9-30:39
145            android:name="com.google.firebase.provider.FirebaseInitProvider"
145-->[com.google.firebase:firebase-common:20.3.0] AndroidManifest.xml:26:13-77
146            android:authorities="com.example.foodplanner_app.firebaseinitprovider"
146-->[com.google.firebase:firebase-common:20.3.0] AndroidManifest.xml:27:13-72
147            android:directBootAware="true"
147-->[com.google.firebase:firebase-common:20.3.0] AndroidManifest.xml:28:13-43
148            android:exported="false"
148-->[com.google.firebase:firebase-common:20.3.0] AndroidManifest.xml:29:13-37
149            android:initOrder="100" />
149-->[com.google.firebase:firebase-common:20.3.0] AndroidManifest.xml:30:13-36
150
151        <activity
151-->[com.google.android.gms:play-services-base:18.0.1] AndroidManifest.xml:20:9-22:45
152            android:name="com.google.android.gms.common.api.GoogleApiActivity"
152-->[com.google.android.gms:play-services-base:18.0.1] AndroidManifest.xml:20:19-85
153            android:exported="false"
153-->[com.google.android.gms:play-services-base:18.0.1] AndroidManifest.xml:22:19-43
154            android:theme="@android:style/Theme.Translucent.NoTitleBar" />
154-->[com.google.android.gms:play-services-base:18.0.1] AndroidManifest.xml:21:19-78
155
156        <receiver
156-->[com.google.android.gms:play-services-measurement:21.2.0] AndroidManifest.xml:29:9-33:20
157            android:name="com.google.android.gms.measurement.AppMeasurementReceiver"
157-->[com.google.android.gms:play-services-measurement:21.2.0] AndroidManifest.xml:30:13-85
158            android:enabled="true"
158-->[com.google.android.gms:play-services-measurement:21.2.0] AndroidManifest.xml:31:13-35
159            android:exported="false" >
159-->[com.google.android.gms:play-services-measurement:21.2.0] AndroidManifest.xml:32:13-37
160        </receiver>
161
162        <service
162-->[com.google.android.gms:play-services-measurement:21.2.0] AndroidManifest.xml:35:9-38:40
163            android:name="com.google.android.gms.measurement.AppMeasurementService"
163-->[com.google.android.gms:play-services-measurement:21.2.0] AndroidManifest.xml:36:13-84
164            android:enabled="true"
164-->[com.google.android.gms:play-services-measurement:21.2.0] AndroidManifest.xml:37:13-35
165            android:exported="false" />
165-->[com.google.android.gms:play-services-measurement:21.2.0] AndroidManifest.xml:38:13-37
166        <service
166-->[com.google.android.gms:play-services-measurement:21.2.0] AndroidManifest.xml:39:9-43:72
167            android:name="com.google.android.gms.measurement.AppMeasurementJobService"
167-->[com.google.android.gms:play-services-measurement:21.2.0] AndroidManifest.xml:40:13-87
168            android:enabled="true"
168-->[com.google.android.gms:play-services-measurement:21.2.0] AndroidManifest.xml:41:13-35
169            android:exported="false"
169-->[com.google.android.gms:play-services-measurement:21.2.0] AndroidManifest.xml:42:13-37
170            android:permission="android.permission.BIND_JOB_SERVICE" />
170-->[com.google.android.gms:play-services-measurement:21.2.0] AndroidManifest.xml:43:13-69
171
172        <meta-data
172-->[com.google.android.gms:play-services-basement:18.1.0] AndroidManifest.xml:21:9-23:69
173            android:name="com.google.android.gms.version"
173-->[com.google.android.gms:play-services-basement:18.1.0] AndroidManifest.xml:22:13-58
174            android:value="@integer/google_play_services_version" />
174-->[com.google.android.gms:play-services-basement:18.1.0] AndroidManifest.xml:23:13-66
175
176        <provider
176-->[androidx.emoji2:emoji2:1.2.0] AndroidManifest.xml:24:9-32:20
177            android:name="androidx.startup.InitializationProvider"
177-->[androidx.emoji2:emoji2:1.2.0] AndroidManifest.xml:25:13-67
178            android:authorities="com.example.foodplanner_app.androidx-startup"
178-->[androidx.emoji2:emoji2:1.2.0] AndroidManifest.xml:26:13-68
179            android:exported="false" >
179-->[androidx.emoji2:emoji2:1.2.0] AndroidManifest.xml:27:13-37
180            <meta-data
180-->[androidx.emoji2:emoji2:1.2.0] AndroidManifest.xml:29:13-31:52
181                android:name="androidx.emoji2.text.EmojiCompatInitializer"
181-->[androidx.emoji2:emoji2:1.2.0] AndroidManifest.xml:30:17-75
182                android:value="androidx.startup" />
182-->[androidx.emoji2:emoji2:1.2.0] AndroidManifest.xml:31:17-49
183            <meta-data
183-->[androidx.lifecycle:lifecycle-process:2.4.1] AndroidManifest.xml:31:13-33:52
184                android:name="androidx.lifecycle.ProcessLifecycleInitializer"
184-->[androidx.lifecycle:lifecycle-process:2.4.1] AndroidManifest.xml:32:17-78
185                android:value="androidx.startup" />
185-->[androidx.lifecycle:lifecycle-process:2.4.1] AndroidManifest.xml:33:17-49
186        </provider>
187    </application>
188
189</manifest>